<?xml version="1.0" encoding="UTF-8"?>
<!-- Generated by org.testng.reporters.JUnitReportReporter -->
<testsuite hostname="aniket" failures="0" tests="1" name="TestNG.demo3" time="0.682" errors="0" timestamp="2023-12-04T10:37:41 IST" skipped="0">
  <testcase classname="TestNG.demo3" name="demo" time="0.682"/>
  <system-out/>
</testsuite> <!-- TestNG.demo3 -->
