<?xml version="1.0" encoding="UTF-8"?>
<!-- Generated by org.testng.reporters.JUnitReportReporter -->
<testsuite hostname="aniket" failures="0" tests="1" name="TestNG.executionTest" time="7.707" errors="0" timestamp="2023-12-05T10:24:25 IST" skipped="0">
  <testcase classname="TestNG.executionTest" name="Facebook" time="7.707"/>
  <system-out/>
</testsuite> <!-- TestNG.executionTest -->
