<?xml version="1.0" encoding="UTF-8"?>
<!-- Generated by org.testng.reporters.JUnitReportReporter -->
<testsuite hostname="aniket" failures="0" tests="1" name="TestNG.demo2" time="12.685" errors="0" timestamp="2023-12-04T09:48:26 IST" skipped="0">
  <testcase classname="TestNG.demo2" name="demo" time="12.685"/>
  <system-out/>
</testsuite> <!-- TestNG.demo2 -->
