<?xml version="1.0" encoding="UTF-8"?>
<!-- Generated by org.testng.reporters.JUnitReportReporter -->
<testsuite hostname="aniket" failures="0" tests="2" name="TestNG.execution1" time="8.494" errors="0" timestamp="2023-12-04T10:47:13 IST" skipped="0">
  <testcase classname="TestNG.execution1" name="swiggy" time="2.294"/>
  <system-out/>
  <testcase classname="TestNG.execution1" name="Zomato" time="6.200"/>
  <system-out/>
</testsuite> <!-- TestNG.execution1 -->
