<?xml version="1.0" encoding="UTF-8"?>
<!-- Generated by org.testng.reporters.JUnitReportReporter -->
<testsuite hostname="aniket" failures="0" tests="1" name="TestNG.test1" time="0.007" errors="0" timestamp="2023-11-28T18:40:44 IST" skipped="0">
  <testcase classname="TestNG.test1" name="Facebook" time="0.007"/>
  <system-out/>
</testsuite> <!-- TestNG.test1 -->
