<?xml version="1.0" encoding="UTF-8"?>
<!-- Generated by org.testng.reporters.JUnitReportReporter -->
<testsuite hostname="aniket" failures="0" tests="1" name="TestNG.demoTest" time="4.867" errors="0" timestamp="2023-12-01T09:44:45 IST" skipped="0">
  <testcase classname="TestNG.demoTest" name="FacebookTest" time="4.867"/>
  <system-out/>
</testsuite> <!-- TestNG.demoTest -->
